[2019-04-01 10:10:15][default]{"fd":1,"$reactor_id":1,"data":"\u0000\u0000\u00010eyJpdiI6InpXZlNleUd4c3FnQ05SaDBoeWRnVXc9PSIsInZhbHVlIjoiVjRDR2NteDVnTmx6VThJMnQ2dXVyRENQNm5DclB4aWFZVU5kUUpGalNzZDZSTTdDNkpVd0hNckNLZ1lIQ1FVWUxMY3U4RXJiSkhrTHRraCtCaEdHUHZEZ1RcL2FnTzBtY0w4ek0rdWZDNmJzPSIsIm1hYyI6IjJhMmVjNjczOTFiYWUxZDFmOGZjMTVjOWM0OTNjYTUzNTAwMmQ3ZDg5Mjg0NGM4YzA4MDQzNTVmZTdkZDI2NWEifQ=="}
[2019-04-01 10:10:15][default]{"fd":1,"exception":"Argument 1 passed to EasySwoole\\Socket\\Bean\\Caller::setControllerClass() must be of the type string or null, object given, called in \/home\/zhangweitao\/www\/easyswoole\/Application\/Tcp\/Parse.php on line 37","raw":"\u0000\u0000\u00010eyJpdiI6InpXZlNleUd4c3FnQ05SaDBoeWRnVXc9PSIsInZhbHVlIjoiVjRDR2NteDVnTmx6VThJMnQ2dXVyRENQNm5DclB4aWFZVU5kUUpGalNzZDZSTTdDNkpVd0hNckNLZ1lIQ1FVWUxMY3U4RXJiSkhrTHRraCtCaEdHUHZEZ1RcL2FnTzBtY0w4ek0rdWZDNmJzPSIsIm1hYyI6IjJhMmVjNjczOTFiYWUxZDFmOGZjMTVjOWM0OTNjYTUzNTAwMmQ3ZDg5Mjg0NGM4YzA4MDQzNTVmZTdkZDI2NWEifQ==","response":{"status":"OK","message":null}}
[2019-04-01 10:28:57][default]{"fd":1,"reactor_id":1,"data":"\u0000\u0000\u00010eyJpdiI6Ik9nNXlKVTBrd25JZHlHUDY2NlM5VXc9PSIsInZhbHVlIjoiTXBMdkIzOVpWU0lQSEc0SlwvTE1SSWxUSzFMRkVsN3FmbzE5WkFZU3UxbE9abzRIcWU5TWZnRFJRNUxIbWhDMmRZQ0w4bjl6QXA2UlZmTVwvS2NxandGZzBHamEybFBJQmRKRDVwREZYWjZ0ST0iLCJtYWMiOiJjNmY1MDI5Y2VmOTgzZTFmNGNiODIxZWUxNjc4MWE5OWE5NWNiNjVmMTRjNzFjNjBhMTIxOWNhMDY5ZWU1OWM0In0="}
[2019-04-01 10:28:58][default]{"fd":1,"exception":"Argument 1 passed to EasySwoole\\Socket\\Bean\\Caller::setControllerClass() must be of the type string or null, object given, called in \/home\/zhangweitao\/www\/easyswoole\/Application\/Tcp\/Parse.php on line 39","raw":"\u0000\u0000\u00010eyJpdiI6Ik9nNXlKVTBrd25JZHlHUDY2NlM5VXc9PSIsInZhbHVlIjoiTXBMdkIzOVpWU0lQSEc0SlwvTE1SSWxUSzFMRkVsN3FmbzE5WkFZU3UxbE9abzRIcWU5TWZnRFJRNUxIbWhDMmRZQ0w4bjl6QXA2UlZmTVwvS2NxandGZzBHamEybFBJQmRKRDVwREZYWjZ0ST0iLCJtYWMiOiJjNmY1MDI5Y2VmOTgzZTFmNGNiODIxZWUxNjc4MWE5OWE5NWNiNjVmMTRjNzFjNjBhMTIxOWNhMDY5ZWU1OWM0In0=","response":{"status":"OK","message":null}}
[2019-04-01 10:30:05][default]{"fd":2,"reactor_id":1,"data":"\u0000\u0000\u0000F{\"controller\":\"Chair\",\"action\":\"stop\",\"param\":{\"deviceId\":\"JS004311\"}}"}
[2019-04-01 10:30:05][default]{"fd":2,"exception":"The payload is invalid.","raw":"\u0000\u0000\u0000F{\"controller\":\"Chair\",\"action\":\"stop\",\"param\":{\"deviceId\":\"JS004311\"}}","response":{"status":"OK","message":null}}
[2019-04-01 10:31:10][default]{"fd":3,"reactor_id":1,"data":"\u0000\u0000\u00003{\"action\":\"start\",\"deviceId\":\"JS004311\",\"param\":[]}"}
[2019-04-01 10:31:10][default]{"fd":3,"exception":"The payload is invalid.","raw":"\u0000\u0000\u00003{\"action\":\"start\",\"deviceId\":\"JS004311\",\"param\":[]}","response":{"status":"OK","message":null}}
[2019-04-01 10:31:45][default]{"fd":1,"reactor_id":1,"data":"\u0000\u0000\u00003{\"action\":\"start\",\"deviceId\":\"JS004311\",\"param\":[]}"}
[2019-04-01 10:31:45][default]{"fd":1,"exception":"The payload is invalid.","raw":"\u0000\u0000\u00003{\"action\":\"start\",\"deviceId\":\"JS004311\",\"param\":[]}","response":{"status":"OK","message":null}}
[2019-04-01 10:33:12][default]{"fd":1,"reactor_id":1,"data":"\u0000\u0000\u00003{\"action\":\"start\",\"deviceId\":\"JS004311\",\"param\":[]}"}
[2019-04-01 10:33:12][default]{"fd":1,"exception":"Argument 1 passed to EasySwoole\\Socket\\Bean\\Caller::setControllerClass() must be of the type string or null, object given, called in \/home\/zhangweitao\/www\/easyswoole\/Application\/Tcp\/Parse.php on line 39","raw":"\u0000\u0000\u00003{\"action\":\"start\",\"deviceId\":\"JS004311\",\"param\":[]}","response":{"status":"OK","message":null}}
[2019-04-01 10:34:34][default]{"fd":1,"reactor_id":1,"data":"\u0000\u0000\u00003{\"action\":\"start\",\"deviceId\":\"JS004311\",\"param\":[]}"}
[2019-04-01 10:35:23][default]{"fd":1,"reactor_id":1,"data":"\u0000\u0000\u00003{\"action\":\"start\",\"deviceId\":\"JS004311\",\"param\":[]}"}
[2019-04-01 10:41:04][default]{"fd":2,"reactor_id":1,"data":"\u0000\u0000\u00003{\"action\":\"start\",\"deviceId\":\"JS004311\",\"param\":[]}"}
[2019-04-01 10:41:13][default]{"fd":1,"reactor_id":1,"data":"\u0000\u0000\u00003{\"action\":\"start\",\"deviceId\":\"JS004311\",\"param\":[]}"}
[2019-04-01 10:41:50][default]{"fd":1,"reactor_id":1,"data":"\u0000\u0000\u00003{\"action\":\"start\",\"deviceId\":\"JS004311\",\"param\":[]}"}
[2019-04-01 10:43:14][default]{"fd":2,"reactor_id":1,"data":"\u0000\u0000\u00003{\"action\":\"start\",\"deviceId\":\"JS004311\",\"param\":[]}"}
[2019-04-01 10:54:16][default]{"fd":5,"reactor_id":1,"data":"\u0000\u0000\u00003{\"action\":\"start\",\"deviceId\":\"JS004311\",\"param\":[]}"}
[2019-04-01 10:54:39][default]{"fd":6,"reactor_id":1,"data":"\u0000\u0000\u00003{\"action\":\"start\",\"deviceId\":\"JS004311\",\"param\":[]}"}
[2019-04-01 10:55:46][default]{"fd":7,"reactor_id":1,"data":"\u0000\u0000\u00003{\"action\":\"start\",\"deviceId\":\"JS004311\",\"param\":[]}"}
[2019-04-01 10:56:05][default]{"fd":8,"reactor_id":1,"data":"\u0000\u0000\u00003{\"action\":\"start\",\"deviceId\":\"JS004311\",\"param\":[]}"}
[2019-04-01 10:57:26][default]{"fd":1,"reactor_id":1,"data":"\u0000\u0000\u0001\u0014eyJpdiI6ImxYTE5MUE9nTmJpUW41bDlhczNsUkE9PSIsInZhbHVlIjoiazB0V0JZd2dlWW0zRzZ6OWJ6bTJpOHdnRGpkR3I5azNVQytJZmNERUJqN0RqN2s4dDFVRFU0N21Rbzc5ZUpWRzBqZ3pidjhIeWZjb0VzVUI2V0xBTFE9PSIsIm1hYyI6IjZkZjcwZmVhNzljZGUyNmMzMGY2ODFkZGIxODBmMTc3YzU1ZGZmZjM4NjU2ZTZmMjhkNDQzODI3NWJhMmVhMGMifQ=="}
[2019-04-01 10:58:56][default]{"fd":1,"reactor_id":1,"data":"\u0000\u0000\u0001\u0014eyJpdiI6IkpyU3g1Wm1ad0lFbEVsRVZYQUhNQXc9PSIsInZhbHVlIjoiWFZhSHlZeXFRZUFNQnVYbmdUQkNEZmxzeTVwcmppaWlaVHYwZzdUQTRnY2REMEZ5T0h5aTJVZFZtd0YxY0VUTVlaZnpPQVZFTkFUYzZvZkc3dmFHYVE9PSIsIm1hYyI6IjM2ODFlYzlhNGJjMjJlNTk2ODU4M2NjMTJiNzRlMjc0MWViZTE1Mzg1ZDgzYjlkZmEwMmRhMzJiMjM0YzE1NTcifQ=="}
[2019-04-01 11:01:56][default]{"fd":1,"reactor_id":1,"data":"\u0000\u0000\u0001\u0018eyJpdiI6InVVXC9qRkoreFwvalQ0UlwvampKNDVaQXc9PSIsInZhbHVlIjoidDBIM1B2S05pZFQ0WUM2TmhKak5RaDFMMGNEQjBPSFkyalwvMnFaa2FGRXhIUHpabVlJYzhNdWhoT0RJTENobWtHS3BaQ1owa1RtSmlRMmRxK3pOc2tnPT0iLCJtYWMiOiJlMmVhODdkZTg2NmMwNWYxYWE5YzZjNzRmZDc5OTE2YTBhNjNmNGY5ZjUxODY2ZDFlMDhiYTE4OTJhMzJmMTU0In0="}
[2019-04-01 11:03:57][default]{"fd":1,"reactor_id":1,"data":"\u0000\u0000\u0001\u0018eyJpdiI6IlBrRlVIMzRMWEpFOVwvU2ZGZmVDdkhnPT0iLCJ2YWx1ZSI6IjdmRzhwejhNakJyWGV2Zndmd3phOE9cL3pnQzJSNWdLNTRDM0VjUnNwTnIzMFBqRUtzQTNxTnllbEFSbHdQMVwvR283dTlkcm1YOEVOYm1COGlrSjFzV3c9PSIsIm1hYyI6IjU3NTMzMjhjNmU3ODQyNGZmOWJiMzNmODIzMjkxZWQ4YmZiZjE0ZTYzMjY2YzdkNGY4NTcxNzRiMzQ4MDMxYmEifQ=="}
[2019-04-01 11:05:35][default]{"fd":2,"reactor_id":1,"data":"\u0000\u0000\u0001\u001ceyJpdiI6IlwvK05ETk16WTVcLytTVDk4Y3NuaTl3QT09IiwidmFsdWUiOiJ4clNmRzhaZU1FcW9YdE83WXlIR2dPRGtIOHNpRllpVXNYdGF5ZTFUc0tpN0wrSEpwd09RTjdJOXRLem1XQVJcL0NzRlREaVwvVEs5UlwveXN1blwvaWJLZHc9PSIsIm1hYyI6IjQxYzU4MTdjZWFkMzU4MmFhNzg2N2ViZGFkNzFmNTIzNDIyMDhjNzgzY2M1ZWZiOWE2YjNlYjZlNDg4MjRkNzEifQ=="}
[2019-04-01 11:07:19][default]{"fd":1,"reactor_id":1,"data":"\u0000\u0000\u00003{\"action\":\"start\",\"deviceId\":\"JS004311\",\"param\":[]}"}
